==23495== Memcheck, a memory error detector
==23495== Copyright (C) 2002-2022, and GNU GPL'd, by Julian Seward et al.
==23495== Using Valgrind-3.22.0 and LibVEX; rerun with -h for copyright info
==23495== Command: ./editor experiment.c
==23495== Parent PID: 7128
==23495== 
==23495== 
==23495== HEAP SUMMARY:
==23495==     in use at exit: 349,005 bytes in 3,150 blocks
==23495==   total heap usage: 83,521 allocs, 80,371 frees, 42,005,211 bytes allocated
==23495== 
==23495== 29 bytes in 1 blocks are definitely lost in loss record 152 of 2,152
==23495==    at 0x4843828: malloc (vg_replace_malloc.c:442)
==23495==    by 0x5174954: ???
==23495==    by 0x515ABB8: ???
==23495==    by 0x49B91E2: SDL_DBus_Init_Spinlocked.lto_priv.0 (SDL_dbus.c:153)
==23495==    by 0x48BE3CE: UnknownInlinedFun (SDL_dbus.c:175)
==23495==    by 0x48BE3CE: SDL_InitSubSystem_REAL.part.0 (SDL.c:198)
==23495==    by 0x10A316: init (io.c:123)
==23495==    by 0x10A316: main (io.c:472)
==23495== 
{
   <insert_a_suppression_name_here>
   Memcheck:Leak
   match-leak-kinds: definite
   fun:malloc
   obj:*
   obj:*
   fun:SDL_DBus_Init_Spinlocked.lto_priv.0
   fun:UnknownInlinedFun
   fun:SDL_InitSubSystem_REAL.part.0
   fun:init
   fun:main
}
==23495== 29 bytes in 1 blocks are definitely lost in loss record 153 of 2,152
==23495==    at 0x4843828: malloc (vg_replace_malloc.c:442)
==23495==    by 0x5174954: ???
==23495==    by 0x515AB6B: ???
==23495==    by 0x49B91E2: SDL_DBus_Init_Spinlocked.lto_priv.0 (SDL_dbus.c:153)
==23495==    by 0x48BE3CE: UnknownInlinedFun (SDL_dbus.c:175)
==23495==    by 0x48BE3CE: SDL_InitSubSystem_REAL.part.0 (SDL.c:198)
==23495==    by 0x10A316: init (io.c:123)
==23495==    by 0x10A316: main (io.c:472)
==23495== 
{
   <insert_a_suppression_name_here>
   Memcheck:Leak
   match-leak-kinds: definite
   fun:malloc
   obj:*
   obj:*
   fun:SDL_DBus_Init_Spinlocked.lto_priv.0
   fun:UnknownInlinedFun
   fun:SDL_InitSubSystem_REAL.part.0
   fun:init
   fun:main
}
==23495== 38 bytes in 1 blocks are definitely lost in loss record 867 of 2,152
==23495==    at 0x4843828: malloc (vg_replace_malloc.c:442)
==23495==    by 0x5174954: ???
==23495==    by 0x515A99A: ???
==23495==    by 0x49B91E2: SDL_DBus_Init_Spinlocked.lto_priv.0 (SDL_dbus.c:153)
==23495==    by 0x48BE3CE: UnknownInlinedFun (SDL_dbus.c:175)
==23495==    by 0x48BE3CE: SDL_InitSubSystem_REAL.part.0 (SDL.c:198)
==23495==    by 0x10A316: init (io.c:123)
==23495==    by 0x10A316: main (io.c:472)
==23495== 
{
   <insert_a_suppression_name_here>
   Memcheck:Leak
   match-leak-kinds: definite
   fun:malloc
   obj:*
   obj:*
   fun:SDL_DBus_Init_Spinlocked.lto_priv.0
   fun:UnknownInlinedFun
   fun:SDL_InitSubSystem_REAL.part.0
   fun:init
   fun:main
}
==23495== 72 (24 direct, 48 indirect) bytes in 1 blocks are definitely lost in loss record 2,086 of 2,152
==23495==    at 0x4843828: malloc (vg_replace_malloc.c:442)
==23495==    by 0x517C35F: ???
==23495==    by 0x51679F6: ???
==23495==    by 0x516CC70: ???
==23495==    by 0x515A259: ???
==23495==    by 0x515A4ED: ???
==23495==    by 0x515A7C2: ???
==23495==    by 0x49B91E2: SDL_DBus_Init_Spinlocked.lto_priv.0 (SDL_dbus.c:153)
==23495==    by 0x48BE3CE: UnknownInlinedFun (SDL_dbus.c:175)
==23495==    by 0x48BE3CE: SDL_InitSubSystem_REAL.part.0 (SDL.c:198)
==23495==    by 0x10A316: init (io.c:123)
==23495==    by 0x10A316: main (io.c:472)
==23495== 
{
   <insert_a_suppression_name_here>
   Memcheck:Leak
   match-leak-kinds: definite
   fun:malloc
   obj:*
   obj:*
   obj:*
   obj:*
   obj:*
   obj:*
   fun:SDL_DBus_Init_Spinlocked.lto_priv.0
   fun:UnknownInlinedFun
   fun:SDL_InitSubSystem_REAL.part.0
   fun:init
   fun:main
}
==23495== 520 bytes in 13 blocks are definitely lost in loss record 2,123 of 2,152
==23495==    at 0x4843828: malloc (vg_replace_malloc.c:442)
==23495==    by 0x5178248: ???
==23495==    by 0x516C84C: ???
==23495==    by 0x49B91C3: SDL_DBus_Init_Spinlocked.lto_priv.0 (SDL_dbus.c:145)
==23495==    by 0x48BE3CE: UnknownInlinedFun (SDL_dbus.c:175)
==23495==    by 0x48BE3CE: SDL_InitSubSystem_REAL.part.0 (SDL.c:198)
==23495==    by 0x10A316: init (io.c:123)
==23495==    by 0x10A316: main (io.c:472)
==23495== 
{
   <insert_a_suppression_name_here>
   Memcheck:Leak
   match-leak-kinds: definite
   fun:malloc
   obj:*
   obj:*
   fun:SDL_DBus_Init_Spinlocked.lto_priv.0
   fun:UnknownInlinedFun
   fun:SDL_InitSubSystem_REAL.part.0
   fun:init
   fun:main
}
==23495== 567 (184 direct, 383 indirect) bytes in 1 blocks are definitely lost in loss record 2,124 of 2,152
==23495==    at 0x484A953: calloc (vg_replace_malloc.c:1595)
==23495==    by 0x5166D8A: ???
==23495==    by 0x5168082: ???
==23495==    by 0x5159E5B: ???
==23495==    by 0x515A227: ???
==23495==    by 0x515A4ED: ???
==23495==    by 0x515A7C2: ???
==23495==    by 0x49B91E2: SDL_DBus_Init_Spinlocked.lto_priv.0 (SDL_dbus.c:153)
==23495==    by 0x48BE3CE: UnknownInlinedFun (SDL_dbus.c:175)
==23495==    by 0x48BE3CE: SDL_InitSubSystem_REAL.part.0 (SDL.c:198)
==23495==    by 0x10A316: init (io.c:123)
==23495==    by 0x10A316: main (io.c:472)
==23495== 
{
   <insert_a_suppression_name_here>
   Memcheck:Leak
   match-leak-kinds: definite
   fun:calloc
   obj:*
   obj:*
   obj:*
   obj:*
   obj:*
   obj:*
   fun:SDL_DBus_Init_Spinlocked.lto_priv.0
   fun:UnknownInlinedFun
   fun:SDL_InitSubSystem_REAL.part.0
   fun:init
   fun:main
}
==23495== 727 (184 direct, 543 indirect) bytes in 1 blocks are definitely lost in loss record 2,128 of 2,152
==23495==    at 0x484A953: calloc (vg_replace_malloc.c:1595)
==23495==    by 0x5166D8A: ???
==23495==    by 0x5167BAB: ???
==23495==    by 0x515A4CD: ???
==23495==    by 0x515A7C2: ???
==23495==    by 0x49B91E2: SDL_DBus_Init_Spinlocked.lto_priv.0 (SDL_dbus.c:153)
==23495==    by 0x48BE3CE: UnknownInlinedFun (SDL_dbus.c:175)
==23495==    by 0x48BE3CE: SDL_InitSubSystem_REAL.part.0 (SDL.c:198)
==23495==    by 0x10A316: init (io.c:123)
==23495==    by 0x10A316: main (io.c:472)
==23495== 
{
   <insert_a_suppression_name_here>
   Memcheck:Leak
   match-leak-kinds: definite
   fun:calloc
   obj:*
   obj:*
   obj:*
   obj:*
   fun:SDL_DBus_Init_Spinlocked.lto_priv.0
   fun:UnknownInlinedFun
   fun:SDL_InitSubSystem_REAL.part.0
   fun:init
   fun:main
}
==23495== 1,910 (552 direct, 1,358 indirect) bytes in 3 blocks are definitely lost in loss record 2,138 of 2,152
==23495==    at 0x484A953: calloc (vg_replace_malloc.c:1595)
==23495==    by 0x5166D8A: ???
==23495==    by 0x5168D1A: ???
==23495==    by 0x5171073: ???
==23495==    by 0x517125C: ???
==23495==    by 0x517230E: ???
==23495==    by 0x5172932: ???
==23495==    by 0x515847D: ???
==23495==    by 0x516CF30: ???
==23495==    by 0x515A242: ???
==23495==    by 0x515A4ED: ???
==23495==    by 0x515A7C2: ???
==23495== 
{
   <insert_a_suppression_name_here>
   Memcheck:Leak
   match-leak-kinds: definite
   fun:calloc
   obj:*
   obj:*
   obj:*
   obj:*
   obj:*
   obj:*
   obj:*
   obj:*
   obj:*
   obj:*
   obj:*
}
==23495== LEAK SUMMARY:
==23495==    definitely lost: 1,560 bytes in 22 blocks
==23495==    indirectly lost: 2,332 bytes in 12 blocks
==23495==      possibly lost: 0 bytes in 0 blocks
==23495==    still reachable: 345,113 bytes in 3,116 blocks
==23495==         suppressed: 0 bytes in 0 blocks
==23495== Reachable blocks (those to which a pointer was found) are not shown.
==23495== To see them, rerun with: --leak-check=full --show-leak-kinds=all
==23495== 
==23495== For lists of detected and suppressed errors, rerun with: -s
==23495== ERROR SUMMARY: 8 errors from 8 contexts (suppressed: 0 from 0)
